Using pre-set license
Built from '2020.3/staging' branch; Version is '2020.3.18f1 (a7d1c678663c) revision 10998214'; Using compiler version '192528614'; Build Type 'Release'
OS: 'Windows 10 Pro; OS build 19044.1415; Version 2009; 64bit' Language: 'zh' Physical Memory: 32625 MB
BatchMode: 1, IsHumanControllingUs: 0, StartBugReporterOnCrash: 0, Is64bit: 1, IsPro: 0

COMMAND LINE ARGUMENTS:
C:\Program Files\Unity\Hub\Editor\2020.3.18f1\Editor\Unity.exe
-adb2
-batchMode
-noUpm
-name
AssetImportWorker0
-projectPath
C:/KID/Projects/Unity/Unity_HC_TC_3D_BoomBoomWitch_20211219/3D_BoomBoomWitch_20211219
-logFile
Logs/AssetImportWorker0.log
-srvPort
1609
Successfully changed project path to: C:/KID/Projects/Unity/Unity_HC_TC_3D_BoomBoomWitch_20211219/3D_BoomBoomWitch_20211219
C:/KID/Projects/Unity/Unity_HC_TC_3D_BoomBoomWitch_20211219/3D_BoomBoomWitch_20211219
Using Asset Import Pipeline V2.
Refreshing native plugins compatible for Editor in 68.59 ms, found 2 plugins.
Preloading 0 native plugins for Editor in 0.00 ms.
Initialize engine version: 2020.3.18f1 (a7d1c678663c)
[Subsystems] Discovering subsystems at path C:/Program Files/Unity/Hub/Editor/2020.3.18f1/Editor/Data/Resources/UnitySubsystems
[Subsystems] Discovering subsystems at path C:/KID/Projects/Unity/Unity_HC_TC_3D_BoomBoomWitch_20211219/3D_BoomBoomWitch_20211219/Assets
GfxDevice: creating device client; threaded=0
Direct3D:
    Version:  Direct3D 11.0 [level 11.1]
    Renderer: NVIDIA GeForce RTX 2070 with Max-Q Design (ID=0x1f10)
    Vendor:   
    VRAM:     8031 MB
    Driver:   30.0.14.7239
Initialize mono
Mono path[0] = 'C:/Program Files/Unity/Hub/Editor/2020.3.18f1/Editor/Data/Managed'
Mono path[1] = 'C:/Program Files/Unity/Hub/Editor/2020.3.18f1/Editor/Data/MonoBleedingEdge/lib/mono/unityjit'
Mono config path = 'C:/Program Files/Unity/Hub/Editor/2020.3.18f1/Editor/Data/MonoBleedingEdge/etc'
Using monoOptions --debugger-agent=transport=dt_socket,embedding=1,server=y,suspend=n,address=127.0.0.1:56412
Begin MonoManager ReloadAssembly
Registering precompiled unity dll's ...
Register platform support module: C:/Program Files/Unity/Hub/Editor/2020.3.18f1/Editor/Data/PlaybackEngines/WebGLSupport/UnityEditor.WebGL.Extensions.dll
Register platform support module: C:/Program Files/Unity/Hub/Editor/2020.3.18f1/Editor/Data/PlaybackEngines/WindowsStandaloneSupport/UnityEditor.WindowsStandalone.Extensions.dll
Registered in 0.006025 seconds.
Native extension for WindowsStandalone target not found
Native extension for WebGL target not found
Refreshing native plugins compatible for Editor in 66.09 ms, found 2 plugins.
Preloading 0 native plugins for Editor in 0.00 ms.
Mono: successfully reloaded assembly
- Completed reload, in  4.307 seconds
Domain Reload Profiling:
	ReloadAssembly (4308ms)
		BeginReloadAssembly (116ms)
			ExecutionOrderSort (0ms)
			DisableScriptedObjects (0ms)
			BackupInstance (0ms)
			ReleaseScriptingObjects (0ms)
			CreateAndSetChildDomain (2ms)
		EndReloadAssembly (882ms)
			LoadAssemblies (111ms)
			RebuildTransferFunctionScriptingTraits (0ms)
			SetupTypeCache (339ms)
			ReleaseScriptCaches (0ms)
			RebuildScriptCaches (66ms)
			SetupLoadedEditorAssemblies (328ms)
				LogAssemblyErrors (0ms)
				InitializePlatformSupportModulesInManaged (10ms)
				SetLoadedEditorAssemblies (1ms)
				RefreshPlugins (66ms)
				BeforeProcessingInitializeOnLoad (34ms)
				ProcessInitializeOnLoadAttributes (159ms)
				ProcessInitializeOnLoadMethodAttributes (57ms)
				AfterProcessingInitializeOnLoad (0ms)
				EditorAssembliesLoaded (0ms)
			ExecutionOrderSort2 (0ms)
			AwakeInstancesAfterBackupRestoration (0ms)
Platform modules already initialized, skipping
Registering precompiled user dll's ...
Registered in 0.006905 seconds.
Begin MonoManager ReloadAssembly
Native extension for WindowsStandalone target not found
Native extension for WebGL target not found
Refreshing native plugins compatible for Editor in 0.55 ms, found 2 plugins.
Preloading 0 native plugins for Editor in 0.00 ms.
Mono: successfully reloaded assembly
- Completed reload, in  2.151 seconds
Domain Reload Profiling:
	ReloadAssembly (2152ms)
		BeginReloadAssembly (309ms)
			ExecutionOrderSort (0ms)
			DisableScriptedObjects (10ms)
			BackupInstance (0ms)
			ReleaseScriptingObjects (0ms)
			CreateAndSetChildDomain (35ms)
		EndReloadAssembly (1705ms)
			LoadAssemblies (177ms)
			RebuildTransferFunctionScriptingTraits (0ms)
			SetupTypeCache (581ms)
			ReleaseScriptCaches (1ms)
			RebuildScriptCaches (86ms)
			SetupLoadedEditorAssemblies (635ms)
				LogAssemblyErrors (0ms)
				InitializePlatformSupportModulesInManaged (13ms)
				SetLoadedEditorAssemblies (1ms)
				RefreshPlugins (1ms)
				BeforeProcessingInitializeOnLoad (168ms)
				ProcessInitializeOnLoadAttributes (429ms)
				ProcessInitializeOnLoadMethodAttributes (8ms)
				AfterProcessingInitializeOnLoad (16ms)
				EditorAssembliesLoaded (1ms)
			ExecutionOrderSort2 (0ms)
			AwakeInstancesAfterBackupRestoration (14ms)
Platform modules already initialized, skipping
========================================================================
Worker process is ready to serve import requests
Launched and connected shader compiler UnityShaderCompiler.exe after 0.16 seconds
Refreshing native plugins compatible for Editor in 0.66 ms, found 2 plugins.
Preloading 0 native plugins for Editor in 0.00 ms.
Unloading 1435 Unused Serialized files (Serialized files now loaded: 0)
System memory in use before: 68.1 MB.
System memory in use after: 68.2 MB.

Unloading 16 unused Assets to reduce memory usage. Loaded Objects now: 1873.
Total: 7.326500 ms (FindLiveObjects: 0.282100 ms CreateObjectMapping: 0.097400 ms MarkObjects: 6.816000 ms  DeleteObjects: 0.128300 ms)

AssetImportParameters requested are different than current active one (requested -> active):
  custom:framework-win-MediaFoundation: 216162199b28c13a410421893ffa2e32 -> 
  custom:video-decoder-ogg-theora: a1e56fd34408186e4bbccfd4996cb3dc -> 
  custom:container-muxer-webm: aa71ff27fc2769a1b78a27578f13a17b -> 
  custom:container-demuxer-webm: 4f35f7cbe854078d1ac9338744f61a02 -> 
  custom:container-demuxer-ogg: 62fdf1f143b41e24485cea50d1cbac27 -> 
  custom:video-encoder-webm-vp8: eb34c28f22e8b96e1ab97ce403110664 -> 
  custom:video-codec-MediaFoundation-h265: 746d11721c4dcdbdad8f713fa42b33f4 -> 
  custom:video-decoder-webm-vp8: 9c59270c3fd7afecdb556c50c9e8de78 -> 
  custom:audio-decoder-ogg-vorbis: bf7c407c2cedff20999df2af8eb42d56 -> 
  custom:audio-encoder-webm-vorbis: bf7c407c2cedff20999df2af8eb42d56 -> 
========================================================================
Received Import Request.
  path: Assets/50_Model/無動作整合/雞.jpg
  artifactKey: Guid(613df1cad4cacc04585262a599d31734) Importer(815301076,1909f56bfc062723c751e8b465ee728b)
Start importing Assets/50_Model/無動作整合/雞.jpg using Guid(613df1cad4cacc04585262a599d31734) Importer(815301076,1909f56bfc062723c751e8b465ee728b)  -> (artifact id: 'ade6eb365458427aa315ee0fce98c747') in 0.152132 seconds 
  Import took 0.159087 seconds .

========================================================================
Received Import Request.
  Time since last request: 0.000508 seconds.
  path: Assets/50_Model/無動作整合/地板.fbx
  artifactKey: Guid(7c01a22378c2c134f8295aa1c2761609) Importer(815301076,1909f56bfc062723c751e8b465ee728b)
Start importing Assets/50_Model/無動作整合/地板.fbx using Guid(7c01a22378c2c134f8295aa1c2761609) Importer(815301076,1909f56bfc062723c751e8b465ee728b)  -> (artifact id: '414a8cdd4b43a98955a3106d527f4cc6') in 1.101719 seconds 
  Import took 1.106215 seconds .

========================================================================
Received Import Request.
  Time since last request: 0.000491 seconds.
  path: Assets/50_Model/無動作整合/豬.jpg
  artifactKey: Guid(218faeb3446be7048bfee5967b566387) Importer(815301076,1909f56bfc062723c751e8b465ee728b)
Start importing Assets/50_Model/無動作整合/豬.jpg using Guid(218faeb3446be7048bfee5967b566387) Importer(815301076,1909f56bfc062723c751e8b465ee728b)  -> (artifact id: '82b563fc956dd52744aab76ff8ec0794') in 0.022856 seconds 
  Import took 0.027377 seconds .

========================================================================
Received Import Request.
  Time since last request: 0.000469 seconds.
  path: Assets/50_Model/無動作整合/地板.jpg
  artifactKey: Guid(eb8c1383526a60443b7885be1e4f1180) Importer(815301076,1909f56bfc062723c751e8b465ee728b)
Start importing Assets/50_Model/無動作整合/地板.jpg using Guid(eb8c1383526a60443b7885be1e4f1180) Importer(815301076,1909f56bfc062723c751e8b465ee728b)  -> (artifact id: 'e748ee0b38c14a65adb85d1eef2ee8a4') in 0.017691 seconds 
  Import took 0.021954 seconds .

========================================================================
Received Import Request.
  Time since last request: 0.000472 seconds.
  path: Assets/50_Model/無動作整合/番茄.jpg
  artifactKey: Guid(f95e8470a3bf15a4d81c67f372683a03) Importer(815301076,1909f56bfc062723c751e8b465ee728b)
Start importing Assets/50_Model/無動作整合/番茄.jpg using Guid(f95e8470a3bf15a4d81c67f372683a03) Importer(815301076,1909f56bfc062723c751e8b465ee728b)  -> (artifact id: 'c10a11246fbc2ab89b30a58a81360eb5') in 0.021257 seconds 
  Import took 0.025811 seconds .

========================================================================
Received Import Request.
  Time since last request: 0.000506 seconds.
  path: Assets/50_Model/無動作整合/弓箭(一般).jpg
  artifactKey: Guid(bb6d091139b287148bf500154a735e45) Importer(815301076,1909f56bfc062723c751e8b465ee728b)
Start importing Assets/50_Model/無動作整合/弓箭(一般).jpg using Guid(bb6d091139b287148bf500154a735e45) Importer(815301076,1909f56bfc062723c751e8b465ee728b)  -> (artifact id: 'd47c7b7ea073694d983efa2901ca6029') in 0.020481 seconds 
  Import took 0.025031 seconds .

========================================================================
Received Import Request.
  Time since last request: 0.000483 seconds.
  path: Assets/50_Model/無動作整合/牆壁.jpg
  artifactKey: Guid(7169c563a4df905499855c1e10a1744a) Importer(815301076,1909f56bfc062723c751e8b465ee728b)
Start importing Assets/50_Model/無動作整合/牆壁.jpg using Guid(7169c563a4df905499855c1e10a1744a) Importer(815301076,1909f56bfc062723c751e8b465ee728b)  -> (artifact id: 'a6c8f0c11c9d6c9537af94261b4d5317') in 0.020381 seconds 
  Import took 0.025011 seconds .

========================================================================
Received Import Request.
  Time since last request: 0.000486 seconds.
  path: Assets/50_Model/無動作整合/補血.jpg
  artifactKey: Guid(d5c129d5f13618f419302fa168087a7e) Importer(815301076,1909f56bfc062723c751e8b465ee728b)
Start importing Assets/50_Model/無動作整合/補血.jpg using Guid(d5c129d5f13618f419302fa168087a7e) Importer(815301076,1909f56bfc062723c751e8b465ee728b)  -> (artifact id: 'c5febc8c22e9a91b246baa911d8d20d6') in 0.020056 seconds 
  Import took 0.024253 seconds .

========================================================================
Received Import Request.
  Time since last request: 0.000468 seconds.
  path: Assets/50_Model/無動作整合
  artifactKey: Guid(7cbdbb9c8ba659848962bb5c00328d7b) Importer(815301076,1909f56bfc062723c751e8b465ee728b)
Start importing Assets/50_Model/無動作整合 using Guid(7cbdbb9c8ba659848962bb5c00328d7b) Importer(815301076,1909f56bfc062723c751e8b465ee728b)  -> (artifact id: '9d06b6b60ee2221a7ffc2a63c2fb1f23') in 0.010283 seconds 
  Import took 0.014262 seconds .

========================================================================
Received Import Request.
  Time since last request: 0.000456 seconds.
  path: Assets/50_Model/無動作整合/獵人_弓箭(一般).fbx
  artifactKey: Guid(96ce174a9dab73a4689827586df2d875) Importer(815301076,1909f56bfc062723c751e8b465ee728b)
Start importing Assets/50_Model/無動作整合/獵人_弓箭(一般).fbx using Guid(96ce174a9dab73a4689827586df2d875) Importer(815301076,1909f56bfc062723c751e8b465ee728b)  -> (artifact id: '48d6427b792aa4f8b8c1b0b80f2cff90') in 0.053116 seconds 
  Import took 0.057778 seconds .

========================================================================
Received Import Request.
  Time since last request: 0.000487 seconds.
  path: Assets/50_Model/無動作整合/豬.fbx
  artifactKey: Guid(03eee3f499a5d1140bea27aa27a7dab1) Importer(815301076,1909f56bfc062723c751e8b465ee728b)
Start importing Assets/50_Model/無動作整合/豬.fbx using Guid(03eee3f499a5d1140bea27aa27a7dab1) Importer(815301076,1909f56bfc062723c751e8b465ee728b)  -> (artifact id: '55a10f2f8edb17366e4ac974c19d49bd') in 0.072553 seconds 
  Import took 0.076875 seconds .

========================================================================
Received Import Request.
  Time since last request: 0.000483 seconds.
  path: Assets/50_Model/無動作整合/雞.fbx
  artifactKey: Guid(eca5d163933010a4e83a5765ebe8a351) Importer(815301076,1909f56bfc062723c751e8b465ee728b)
Start importing Assets/50_Model/無動作整合/雞.fbx using Guid(eca5d163933010a4e83a5765ebe8a351) Importer(815301076,1909f56bfc062723c751e8b465ee728b)  -> (artifact id: 'f7eb990878b042e5bafaa5b96d271d82') in 0.067754 seconds 
  Import took 0.072357 seconds .

========================================================================
Received Import Request.
  Time since last request: 0.000484 seconds.
  path: Assets/50_Model/無動作整合/番茄.fbx
  artifactKey: Guid(2f5f224e3413ae74395e32d8d98c7515) Importer(815301076,1909f56bfc062723c751e8b465ee728b)
Start importing Assets/50_Model/無動作整合/番茄.fbx using Guid(2f5f224e3413ae74395e32d8d98c7515) Importer(815301076,1909f56bfc062723c751e8b465ee728b)  -> (artifact id: '3bcbe257768688a9280306e567d5f530') in 0.066731 seconds 
  Import took 0.070988 seconds .

========================================================================
Received Import Request.
  Time since last request: 0.000428 seconds.
  path: Assets/50_Model/無動作整合/金幣.fbx
  artifactKey: Guid(067547c360662344782d3b47c385aeef) Importer(815301076,1909f56bfc062723c751e8b465ee728b)
Start importing Assets/50_Model/無動作整合/金幣.fbx using Guid(067547c360662344782d3b47c385aeef) Importer(815301076,1909f56bfc062723c751e8b465ee728b)  -> (artifact id: '9c7fe072f83fb1f48d02cbf90e3aa479') in 0.043759 seconds 
  Import took 0.048042 seconds .

========================================================================
Received Import Request.
  Time since last request: 0.000412 seconds.
  path: Assets/50_Model/無動作整合/牆壁.fbx
  artifactKey: Guid(518fbee99c53c5642a165f5957326507) Importer(815301076,1909f56bfc062723c751e8b465ee728b)
Start importing Assets/50_Model/無動作整合/牆壁.fbx using Guid(518fbee99c53c5642a165f5957326507) Importer(815301076,1909f56bfc062723c751e8b465ee728b)  -> (artifact id: '8ae5e6cddc63a497959289e8d2a5a2de') in 0.035690 seconds 
  Import took 0.040374 seconds .

========================================================================
Received Import Request.
  Time since last request: 0.000491 seconds.
  path: Assets/50_Model/無動作整合/獵人.jpg
  artifactKey: Guid(8cdca9a11725c924f87f97a2a3d3494d) Importer(815301076,1909f56bfc062723c751e8b465ee728b)
Start importing Assets/50_Model/無動作整合/獵人.jpg using Guid(8cdca9a11725c924f87f97a2a3d3494d) Importer(815301076,1909f56bfc062723c751e8b465ee728b)  -> (artifact id: '71b4d07e10bbbb4eb97c0a82b8d47d06') in 0.021217 seconds 
  Import took 0.025657 seconds .

========================================================================
Received Import Request.
  Time since last request: 0.000447 seconds.
  path: Assets/50_Model/無動作整合/金幣.jpg
  artifactKey: Guid(0f11b237d34b7d647b6a9fea2df7af6e) Importer(815301076,1909f56bfc062723c751e8b465ee728b)
Start importing Assets/50_Model/無動作整合/金幣.jpg using Guid(0f11b237d34b7d647b6a9fea2df7af6e) Importer(815301076,1909f56bfc062723c751e8b465ee728b)  -> (artifact id: '978584bfed40817ff750219b39b68f4e') in 0.016920 seconds 
  Import took 0.021516 seconds .

========================================================================
Received Import Request.
  Time since last request: 0.000477 seconds.
  path: Assets/50_Model/無動作整合/補血.fbx
  artifactKey: Guid(39e522ebbb164744ab7c79eb1b1276f1) Importer(815301076,1909f56bfc062723c751e8b465ee728b)
Start importing Assets/50_Model/無動作整合/補血.fbx using Guid(39e522ebbb164744ab7c79eb1b1276f1) Importer(815301076,1909f56bfc062723c751e8b465ee728b)  -> (artifact id: 'ea6975206b595f733c692235be31afbb') in 0.038679 seconds 
  Import took 0.042880 seconds .

========================================================================
Received Import Request.
  Time since last request: 63.564566 seconds.
  path: Assets/50_Model/無動作整合/獵人_弓箭(一般).fbx
  artifactKey: Guid(96ce174a9dab73a4689827586df2d875) Importer(815301076,1909f56bfc062723c751e8b465ee728b)
Start importing Assets/50_Model/無動作整合/獵人_弓箭(一般).fbx using Guid(96ce174a9dab73a4689827586df2d875) Importer(815301076,1909f56bfc062723c751e8b465ee728b)  -> (artifact id: '4febdc151016a093403f7423a0896af9') in 0.046286 seconds 
  Import took 0.051427 seconds .

========================================================================
Received Import Request.
  Time since last request: 0.017838 seconds.
  path: Assets/50_Model/無動作整合/獵人_弓箭(一般).fbx
  artifactKey: Guid(96ce174a9dab73a4689827586df2d875) Importer(815301076,1909f56bfc062723c751e8b465ee728b)
Start importing Assets/50_Model/無動作整合/獵人_弓箭(一般).fbx using Guid(96ce174a9dab73a4689827586df2d875) Importer(815301076,1909f56bfc062723c751e8b465ee728b)  -> (artifact id: '4febdc151016a093403f7423a0896af9') in 0.052315 seconds 
  Import took 0.057516 seconds .

========================================================================
Received Import Request.
  Time since last request: 4.868649 seconds.
  path: Assets/50_Model/無動作整合/獵人_弓箭(一般).fbx
  artifactKey: Guid(96ce174a9dab73a4689827586df2d875) Importer(815301076,1909f56bfc062723c751e8b465ee728b)
Start importing Assets/50_Model/無動作整合/獵人_弓箭(一般).fbx using Guid(96ce174a9dab73a4689827586df2d875) Importer(815301076,1909f56bfc062723c751e8b465ee728b)  -> (artifact id: '6053bf78e31f3b18c879718180806e7f') in 0.052926 seconds 
  Import took 0.058121 seconds .

========================================================================
Received Import Request.
  Time since last request: 0.009961 seconds.
  path: Assets/50_Model/無動作整合/獵人_弓箭(一般).fbx
  artifactKey: Guid(96ce174a9dab73a4689827586df2d875) Importer(815301076,1909f56bfc062723c751e8b465ee728b)
Start importing Assets/50_Model/無動作整合/獵人_弓箭(一般).fbx using Guid(96ce174a9dab73a4689827586df2d875) Importer(815301076,1909f56bfc062723c751e8b465ee728b)  -> (artifact id: '6053bf78e31f3b18c879718180806e7f') in 0.049384 seconds 
  Import took 0.054074 seconds .

========================================================================
Received Import Request.
  Time since last request: 24.826671 seconds.
  path: Assets/50_Model/無動作整合/獵人.mat
  artifactKey: Guid(ed266434af0ffbe488d474838d5c86f6) Importer(815301076,1909f56bfc062723c751e8b465ee728b)
Start importing Assets/50_Model/無動作整合/獵人.mat using Guid(ed266434af0ffbe488d474838d5c86f6) Importer(815301076,1909f56bfc062723c751e8b465ee728b)  -> (artifact id: '6081efbf5dba32646f18e9d9a9187d6d') in 0.024857 seconds 
  Import took 0.029974 seconds .

========================================================================
Received Import Request.
  Time since last request: 21.174894 seconds.
  path: Assets/50_Model/無動作整合/獵人.mat
  artifactKey: Guid(ed266434af0ffbe488d474838d5c86f6) Importer(815301076,1909f56bfc062723c751e8b465ee728b)
Start importing Assets/50_Model/無動作整合/獵人.mat using Guid(ed266434af0ffbe488d474838d5c86f6) Importer(815301076,1909f56bfc062723c751e8b465ee728b)  -> (artifact id: '37f4b59423e078db0444ca4c739b4cbc') in 0.026032 seconds 
  Import took 0.031132 seconds .

========================================================================
Received Import Request.
  Time since last request: 3.636548 seconds.
  path: Assets/50_Model/無動作整合/弓箭.mat
  artifactKey: Guid(de586b70704d92b42940bf8b12e04c9b) Importer(815301076,1909f56bfc062723c751e8b465ee728b)
Start importing Assets/50_Model/無動作整合/弓箭.mat using Guid(de586b70704d92b42940bf8b12e04c9b) Importer(815301076,1909f56bfc062723c751e8b465ee728b)  -> (artifact id: '97b459ef600df571fdfeecedfa4b42ab') in 0.031431 seconds 
  Import took 0.035818 seconds .

========================================================================
Received Import Request.
  Time since last request: 41.767997 seconds.
  path: Assets/50_Model/無動作整合/弓箭.mat
  artifactKey: Guid(de586b70704d92b42940bf8b12e04c9b) Importer(815301076,1909f56bfc062723c751e8b465ee728b)
Start importing Assets/50_Model/無動作整合/弓箭.mat using Guid(de586b70704d92b42940bf8b12e04c9b) Importer(815301076,1909f56bfc062723c751e8b465ee728b)  -> (artifact id: 'c2673db05c7473287084db1608eb8853') in 0.025019 seconds 
  Import took 0.029495 seconds .

========================================================================
Received Import Request.
  Time since last request: 0.000445 seconds.
  path: Assets/50_Model/無動作整合/獵人.mat
  artifactKey: Guid(ed266434af0ffbe488d474838d5c86f6) Importer(815301076,1909f56bfc062723c751e8b465ee728b)
Start importing Assets/50_Model/無動作整合/獵人.mat using Guid(ed266434af0ffbe488d474838d5c86f6) Importer(815301076,1909f56bfc062723c751e8b465ee728b)  -> (artifact id: '75c8b7f9a1ff18b7cfcffd6189a6e288') in 0.025803 seconds 
  Import took 0.030277 seconds .

========================================================================
Received Prepare
Registering precompiled user dll's ...
Registered in 0.006640 seconds.
Begin MonoManager ReloadAssembly
Native extension for WindowsStandalone target not found
Native extension for WebGL target not found
Refreshing native plugins compatible for Editor in 0.56 ms, found 2 plugins.
Preloading 0 native plugins for Editor in 0.00 ms.
Mono: successfully reloaded assembly
- Completed reload, in  1.948 seconds
Domain Reload Profiling:
	ReloadAssembly (1949ms)
		BeginReloadAssembly (215ms)
			ExecutionOrderSort (0ms)
			DisableScriptedObjects (8ms)
			BackupInstance (0ms)
			ReleaseScriptingObjects (0ms)
			CreateAndSetChildDomain (59ms)
		EndReloadAssembly (1598ms)
			LoadAssemblies (181ms)
			RebuildTransferFunctionScriptingTraits (0ms)
			SetupTypeCache (559ms)
			ReleaseScriptCaches (1ms)
			RebuildScriptCaches (82ms)
			SetupLoadedEditorAssemblies (571ms)
				LogAssemblyErrors (0ms)
				InitializePlatformSupportModulesInManaged (13ms)
				SetLoadedEditorAssemblies (1ms)
				RefreshPlugins (1ms)
				BeforeProcessingInitializeOnLoad (150ms)
				ProcessInitializeOnLoadAttributes (384ms)
				ProcessInitializeOnLoadMethodAttributes (7ms)
				AfterProcessingInitializeOnLoad (16ms)
				EditorAssembliesLoaded (1ms)
			ExecutionOrderSort2 (0ms)
			AwakeInstancesAfterBackupRestoration (14ms)
Platform modules already initialized, skipping
Refreshing native plugins compatible for Editor in 0.62 ms, found 2 plugins.
Preloading 0 native plugins for Editor in 0.00 ms.
Unloading 1429 Unused Serialized files (Serialized files now loaded: 0)
System memory in use before: 71.5 MB.
System memory in use after: 71.6 MB.

Unloading 11 unused Assets to reduce memory usage. Loaded Objects now: 1919.
Total: 5.613400 ms (FindLiveObjects: 0.246100 ms CreateObjectMapping: 0.082400 ms MarkObjects: 5.252700 ms  DeleteObjects: 0.030500 ms)

AssetImportParameters requested are different than current active one (requested -> active):
  custom:framework-win-MediaFoundation: 216162199b28c13a410421893ffa2e32 -> 
  custom:video-decoder-ogg-theora: a1e56fd34408186e4bbccfd4996cb3dc -> 
  custom:container-muxer-webm: aa71ff27fc2769a1b78a27578f13a17b -> 
  custom:container-demuxer-webm: 4f35f7cbe854078d1ac9338744f61a02 -> 
  custom:container-demuxer-ogg: 62fdf1f143b41e24485cea50d1cbac27 -> 
  custom:video-encoder-webm-vp8: eb34c28f22e8b96e1ab97ce403110664 -> 
  custom:video-codec-MediaFoundation-h265: 746d11721c4dcdbdad8f713fa42b33f4 -> 
  custom:video-decoder-webm-vp8: 9c59270c3fd7afecdb556c50c9e8de78 -> 
  custom:audio-decoder-ogg-vorbis: bf7c407c2cedff20999df2af8eb42d56 -> 
  custom:audio-encoder-webm-vorbis: bf7c407c2cedff20999df2af8eb42d56 -> 
AssetImportWorkerClient::OnTransportError - code=2 error=End of file
